\\stuhomeeven\homedrive0$\2105300\desktop\perlin slope latest\engine\bin\desktop_2015\x64\debug\directxtksimplesample_2015.pch
\\stuhomeeven\homedrive0$\2105300\desktop\perlin slope latest\engine\bin\desktop_2015\x64\debug\vc142.pdb
\\stuhomeeven\homedrive0$\2105300\desktop\perlin slope latest\engine\bin\desktop_2015\x64\debug\vc142.idb
\\stuhomeeven\homedrive0$\2105300\desktop\perlin slope latest\engine\bin\desktop_2015\x64\debug\pch.obj
\\stuhomeeven\homedrive0$\2105300\desktop\perlin slope latest\engine\bin\desktop_2015\x64\debug\terrain.obj
\\stuhomeeven\homedrive0$\2105300\desktop\perlin slope latest\engine\bin\desktop_2015\x64\debug\shader.obj
\\stuhomeeven\homedrive0$\2105300\desktop\perlin slope latest\engine\bin\desktop_2015\x64\debug\rendertexture.obj
\\stuhomeeven\homedrive0$\2105300\desktop\perlin slope latest\engine\bin\desktop_2015\x64\debug\perlinnoise.obj
\\stuhomeeven\homedrive0$\2105300\desktop\perlin slope latest\engine\bin\desktop_2015\x64\debug\modelclass.obj
\\stuhomeeven\homedrive0$\2105300\desktop\perlin slope latest\engine\bin\desktop_2015\x64\debug\main.obj
\\stuhomeeven\homedrive0$\2105300\desktop\perlin slope latest\engine\bin\desktop_2015\x64\debug\light.obj
\\stuhomeeven\homedrive0$\2105300\desktop\perlin slope latest\engine\bin\desktop_2015\x64\debug\input.obj
\\stuhomeeven\homedrive0$\2105300\desktop\perlin slope latest\engine\bin\desktop_2015\x64\debug\imgui_widgets.obj
\\stuhomeeven\homedrive0$\2105300\desktop\perlin slope latest\engine\bin\desktop_2015\x64\debug\imgui_impl_win32.obj
\\stuhomeeven\homedrive0$\2105300\desktop\perlin slope latest\engine\bin\desktop_2015\x64\debug\imgui_impl_dx11.obj
\\stuhomeeven\homedrive0$\2105300\desktop\perlin slope latest\engine\bin\desktop_2015\x64\debug\imgui_draw.obj
\\stuhomeeven\homedrive0$\2105300\desktop\perlin slope latest\engine\bin\desktop_2015\x64\debug\imgui_demo.obj
\\stuhomeeven\homedrive0$\2105300\desktop\perlin slope latest\engine\bin\desktop_2015\x64\debug\imgui.obj
\\stuhomeeven\homedrive0$\2105300\desktop\perlin slope latest\engine\bin\desktop_2015\x64\debug\game.obj
\\stuhomeeven\homedrive0$\2105300\desktop\perlin slope latest\engine\bin\desktop_2015\x64\debug\deviceresources.obj
\\stuhomeeven\homedrive0$\2105300\desktop\perlin slope latest\engine\bin\desktop_2015\x64\debug\camera.obj
c:\users\maste\desktop\perlin slope latest\engine\bin\desktop_2015\x64\debug\directxtksimplesample_2015.lib
c:\users\maste\desktop\perlin slope latest\engine\bin\desktop_2015\x64\debug\directxtksimplesample_2015.exp
\\stuhomeeven\homedrive0$\2105300\desktop\perlin slope latest\engine\bin\desktop_2015\x64\debug\directxtksimplesample_2015.lib
\\stuhomeeven\homedrive0$\2105300\desktop\perlin slope latest\engine\bin\desktop_2015\x64\debug\directxtksimplesample_2015.exp
\\stuhomeeven\homedrive0$\2105300\desktop\perlin slope latest\engine\colour_ps.cso
\\stuhomeeven\homedrive0$\2105300\desktop\perlin slope latest\engine\colour_vs.cso
\\stuhomeeven\homedrive0$\2105300\desktop\perlin slope latest\engine\light_ps.cso
\\stuhomeeven\homedrive0$\2105300\desktop\perlin slope latest\engine\light_vs.cso
\\stuhomeeven\homedrive0$\2105300\desktop\perlin slope latest\engine\water_ps.cso
\\stuhomeeven\homedrive0$\2105300\desktop\perlin slope latest\engine\water_vs.cso
\\stuhomeeven\homedrive0$\2105300\desktop\perlin slope latest\engine\bin\desktop_2015\x64\debug\directxtksimplesample_2015.exe
\\stuhomeeven\homedrive0$\2105300\desktop\perlin slope latest\engine\bin\desktop_2015\x64\debug\directxtksimplesample_2015.ilk
\\stuhomeeven\homedrive0$\2105300\desktop\perlin slope latest\engine\bin\desktop_2015\x64\debug\directxtksimplesample_2015.pdb
\\stuhomeeven\homedrive0$\2105300\desktop\perlin slope latest\engine\bin\desktop_2015\x64\debug\resource.res
\\stuhomeeven\homedrive0$\2105300\desktop\perlin slope latest\engine\bin\desktop_2015\x64\debug\directxtksimplesample_2015.exe.embed.manifest.res
\\stuhomeeven\homedrive0$\2105300\desktop\perlin slope latest\engine\bin\desktop_2015\x64\debug\directxtksimplesample_2015.exe.embed.manifest
\\stuhomeeven\homedrive0$\2105300\desktop\perlin slope latest\engine\bin\desktop_2015\x64\debug\directxtksimplesample_2015_manifest.rc
\\stuhomeeven\homedrive0$\2105300\desktop\perlin slope latest\engine\bin\desktop_2015\x64\debug\directxt.2c4f0429.tlog\cl.command.1.tlog
\\stuhomeeven\homedrive0$\2105300\desktop\perlin slope latest\engine\bin\desktop_2015\x64\debug\directxt.2c4f0429.tlog\cl.read.1.tlog
\\stuhomeeven\homedrive0$\2105300\desktop\perlin slope latest\engine\bin\desktop_2015\x64\debug\directxt.2c4f0429.tlog\cl.write.1.tlog
\\stuhomeeven\homedrive0$\2105300\desktop\perlin slope latest\engine\bin\desktop_2015\x64\debug\directxt.2c4f0429.tlog\directxtksimplesample_2015.write.1u.tlog
\\stuhomeeven\homedrive0$\2105300\desktop\perlin slope latest\engine\bin\desktop_2015\x64\debug\directxt.2c4f0429.tlog\fxc.command.1.tlog
\\stuhomeeven\homedrive0$\2105300\desktop\perlin slope latest\engine\bin\desktop_2015\x64\debug\directxt.2c4f0429.tlog\fxc.read.1.tlog
\\stuhomeeven\homedrive0$\2105300\desktop\perlin slope latest\engine\bin\desktop_2015\x64\debug\directxt.2c4f0429.tlog\fxc.write.1.tlog
\\stuhomeeven\homedrive0$\2105300\desktop\perlin slope latest\engine\bin\desktop_2015\x64\debug\directxt.2c4f0429.tlog\link.command.1.tlog
\\stuhomeeven\homedrive0$\2105300\desktop\perlin slope latest\engine\bin\desktop_2015\x64\debug\directxt.2c4f0429.tlog\link.delete.1.tlog
\\stuhomeeven\homedrive0$\2105300\desktop\perlin slope latest\engine\bin\desktop_2015\x64\debug\directxt.2c4f0429.tlog\link.read.1.tlog
\\stuhomeeven\homedrive0$\2105300\desktop\perlin slope latest\engine\bin\desktop_2015\x64\debug\directxt.2c4f0429.tlog\link.write.1.tlog
\\stuhomeeven\homedrive0$\2105300\desktop\perlin slope latest\engine\bin\desktop_2015\x64\debug\directxt.2c4f0429.tlog\rc.command.1.tlog
\\stuhomeeven\homedrive0$\2105300\desktop\perlin slope latest\engine\bin\desktop_2015\x64\debug\directxt.2c4f0429.tlog\rc.read.1.tlog
\\stuhomeeven\homedrive0$\2105300\desktop\perlin slope latest\engine\bin\desktop_2015\x64\debug\directxt.2c4f0429.tlog\rc.write.1.tlog
